mode: set
github.com/grafana/loki-operator/internal/manifests/internal/config/options.go:65.36,67.2 1 0
github.com/grafana/loki-operator/internal/manifests/internal/config/options.go:71.53,74.2 2 0
github.com/grafana/loki-operator/internal/manifests/internal/config/build.go:34.50,38.16 3 1
github.com/grafana/loki-operator/internal/manifests/internal/config/build.go:41.2,42.16 2 0
github.com/grafana/loki-operator/internal/manifests/internal/config/build.go:46.2,48.16 3 0
github.com/grafana/loki-operator/internal/manifests/internal/config/build.go:51.2,52.16 2 0
github.com/grafana/loki-operator/internal/manifests/internal/config/build.go:55.2,55.23 1 0
github.com/grafana/loki-operator/internal/manifests/internal/config/build.go:38.16,40.3 1 1
github.com/grafana/loki-operator/internal/manifests/internal/config/build.go:42.16,44.3 1 0
github.com/grafana/loki-operator/internal/manifests/internal/config/build.go:48.16,50.3 1 0
github.com/grafana/loki-operator/internal/manifests/internal/config/build.go:52.16,54.3 1 0
github.com/grafana/loki-operator/internal/manifests/openshift/configure.go:45.9,47.52 2 0
github.com/grafana/loki-operator/internal/manifests/openshift/configure.go:54.2,58.28 4 0
github.com/grafana/loki-operator/internal/manifests/openshift/configure.go:92.2,103.82 3 0
github.com/grafana/loki-operator/internal/manifests/openshift/configure.go:107.2,107.12 1 0
github.com/grafana/loki-operator/internal/manifests/openshift/configure.go:47.52,48.32 1 0
github.com/grafana/loki-operator/internal/manifests/openshift/configure.go:48.32,50.9 2 0
github.com/grafana/loki-operator/internal/manifests/openshift/configure.go:58.28,59.28 1 0
github.com/grafana/loki-operator/internal/manifests/openshift/configure.go:65.3,89.5 4 0
github.com/grafana/loki-operator/internal/manifests/openshift/configure.go:59.28,60.37 1 0
github.com/grafana/loki-operator/internal/manifests/openshift/configure.go:60.37,62.5 1 0
github.com/grafana/loki-operator/internal/manifests/openshift/configure.go:103.82,105.3 1 0
github.com/grafana/loki-operator/internal/manifests/openshift/configure.go:112.59,122.68 2 0
github.com/grafana/loki-operator/internal/manifests/openshift/configure.go:126.2,126.12 1 0
github.com/grafana/loki-operator/internal/manifests/openshift/configure.go:122.68,124.3 1 0
github.com/grafana/loki-operator/internal/manifests/openshift/configure.go:132.90,135.13 2 0
github.com/grafana/loki-operator/internal/manifests/openshift/configure.go:152.2,156.75 2 0
github.com/grafana/loki-operator/internal/manifests/openshift/configure.go:160.2,160.12 1 0
github.com/grafana/loki-operator/internal/manifests/openshift/configure.go:135.13,144.3 2 0
github.com/grafana/loki-operator/internal/manifests/openshift/configure.go:144.8,150.3 1 0
github.com/grafana/loki-operator/internal/manifests/openshift/configure.go:156.75,158.3 1 0
github.com/grafana/loki-operator/internal/manifests/openshift/rbac.go:13.57,48.2 1 1
github.com/grafana/loki-operator/internal/manifests/openshift/rbac.go:54.71,77.2 1 1
github.com/grafana/loki-operator/internal/manifests/openshift/serviceaccount.go:13.54,27.2 1 1
github.com/grafana/loki-operator/internal/manifests/openshift/var.go:36.43,38.2 1 1
github.com/grafana/loki-operator/internal/manifests/openshift/var.go:40.66,42.2 1 1
github.com/grafana/loki-operator/internal/manifests/openshift/var.go:44.37,46.2 1 1
github.com/grafana/loki-operator/internal/manifests/openshift/var.go:48.46,50.2 1 1
github.com/grafana/loki-operator/internal/manifests/openshift/var.go:52.47,54.2 1 0
github.com/grafana/loki-operator/internal/manifests/openshift/var.go:56.64,58.43 2 1
github.com/grafana/loki-operator/internal/manifests/openshift/var.go:64.2,64.10 1 1
github.com/grafana/loki-operator/internal/manifests/openshift/var.go:58.43,62.3 3 1
github.com/grafana/loki-operator/internal/manifests/openshift/build.go:7.42,15.52 2 1
github.com/grafana/loki-operator/internal/manifests/openshift/build.go:19.2,19.13 1 1
github.com/grafana/loki-operator/internal/manifests/openshift/build.go:15.52,17.3 1 0
github.com/grafana/loki-operator/internal/manifests/openshift/opa_openshift.go:21.115,30.17 3 0
github.com/grafana/loki-operator/internal/manifests/openshift/opa_openshift.go:34.2,43.13 3 0
github.com/grafana/loki-operator/internal/manifests/openshift/opa_openshift.go:63.2,63.35 1 0
github.com/grafana/loki-operator/internal/manifests/openshift/opa_openshift.go:67.2,108.3 1 0
github.com/grafana/loki-operator/internal/manifests/openshift/opa_openshift.go:30.17,32.3 1 0
github.com/grafana/loki-operator/internal/manifests/openshift/opa_openshift.go:43.13,61.3 5 0
github.com/grafana/loki-operator/internal/manifests/openshift/opa_openshift.go:63.35,65.3 1 0
github.com/grafana/loki-operator/internal/manifests/openshift/options.go:61.11,65.38 3 1
github.com/grafana/loki-operator/internal/manifests/openshift/options.go:85.2,99.3 1 1
github.com/grafana/loki-operator/internal/manifests/openshift/options.go:65.38,66.29 1 1
github.com/grafana/loki-operator/internal/manifests/openshift/options.go:66.29,74.4 1 1
github.com/grafana/loki-operator/internal/manifests/openshift/options.go:74.9,82.4 1 0
github.com/grafana/loki-operator/internal/manifests/openshift/options.go:102.31,104.19 2 0
github.com/grafana/loki-operator/internal/manifests/openshift/options.go:108.2,108.18 1 0
github.com/grafana/loki-operator/internal/manifests/openshift/options.go:104.19,106.3 1 0
github.com/grafana/loki-operator/internal/manifests/openshift/route.go:12.45,35.2 1 1
github.com/grafana/loki-operator/internal/manifests/openshift/service_ca.go:11.62,26.2 1 0
github.com/grafana/loki-operator/internal/manifests/internal/gateway/build.go:53.89,57.16 3 1
github.com/grafana/loki-operator/internal/manifests/internal/gateway/build.go:60.2,61.16 2 1
github.com/grafana/loki-operator/internal/manifests/internal/gateway/build.go:65.2,67.16 3 1
github.com/grafana/loki-operator/internal/manifests/internal/gateway/build.go:70.2,71.16 2 1
github.com/grafana/loki-operator/internal/manifests/internal/gateway/build.go:75.2,75.51 1 1
github.com/grafana/loki-operator/internal/manifests/internal/gateway/build.go:87.2,87.38 1 1
github.com/grafana/loki-operator/internal/manifests/internal/gateway/build.go:57.16,59.3 1 0
github.com/grafana/loki-operator/internal/manifests/internal/gateway/build.go:61.16,63.3 1 0
github.com/grafana/loki-operator/internal/manifests/internal/gateway/build.go:67.16,69.3 1 0
github.com/grafana/loki-operator/internal/manifests/internal/gateway/build.go:71.16,73.3 1 0
github.com/grafana/loki-operator/internal/manifests/internal/gateway/build.go:75.51,78.17 3 1
github.com/grafana/loki-operator/internal/manifests/internal/gateway/build.go:81.3,82.17 2 1
github.com/grafana/loki-operator/internal/manifests/internal/gateway/build.go:85.3,85.43 1 1
github.com/grafana/loki-operator/internal/manifests/internal/gateway/build.go:78.17,80.4 1 0
github.com/grafana/loki-operator/internal/manifests/internal/gateway/build.go:82.17,84.4 1 0
github.com/grafana/loki-operator/internal/manifests/query-frontend.go:18.64,20.46 2 1
github.com/grafana/loki-operator/internal/manifests/query-frontend.go:26.2,30.8 1 1
github.com/grafana/loki-operator/internal/manifests/query-frontend.go:20.46,21.88 1 1
github.com/grafana/loki-operator/internal/manifests/query-frontend.go:21.88,23.4 1 0
github.com/grafana/loki-operator/internal/manifests/query-frontend.go:34.66,126.76 2 1
github.com/grafana/loki-operator/internal/manifests/query-frontend.go:131.2,160.3 3 1
github.com/grafana/loki-operator/internal/manifests/query-frontend.go:126.76,129.3 2 1
github.com/grafana/loki-operator/internal/manifests/query-frontend.go:164.64,189.2 2 1
github.com/grafana/loki-operator/internal/manifests/query-frontend.go:192.64,219.2 4 1
github.com/grafana/loki-operator/internal/manifests/query-frontend.go:221.101,224.2 2 1
github.com/grafana/loki-operator/internal/manifests/ruler.go:24.56,26.46 2 1
github.com/grafana/loki-operator/internal/manifests/ruler.go:32.2,36.8 1 1
github.com/grafana/loki-operator/internal/manifests/ruler.go:26.46,27.80 1 1
github.com/grafana/loki-operator/internal/manifests/ruler.go:27.80,29.4 1 0
github.com/grafana/loki-operator/internal/manifests/ruler.go:40.58,140.68 2 1
github.com/grafana/loki-operator/internal/manifests/ruler.go:145.2,174.3 3 1
github.com/grafana/loki-operator/internal/manifests/ruler.go:140.68,143.3 2 1
github.com/grafana/loki-operator/internal/manifests/ruler.go:178.56,201.2 2 1
github.com/grafana/loki-operator/internal/manifests/ruler.go:204.56,229.2 4 1
github.com/grafana/loki-operator/internal/manifests/ruler.go:231.93,234.2 2 1
github.com/grafana/loki-operator/internal/manifests/service_monitor.go:15.57,25.2 1 1
github.com/grafana/loki-operator/internal/manifests/service_monitor.go:28.78,36.2 5 1
github.com/grafana/loki-operator/internal/manifests/service_monitor.go:39.75,47.2 5 1
github.com/grafana/loki-operator/internal/manifests/service_monitor.go:50.74,58.2 5 1
github.com/grafana/loki-operator/internal/manifests/service_monitor.go:61.76,69.2 5 1
github.com/grafana/loki-operator/internal/manifests/service_monitor.go:72.80,80.2 5 1
github.com/grafana/loki-operator/internal/manifests/service_monitor.go:83.79,91.2 5 1
github.com/grafana/loki-operator/internal/manifests/service_monitor.go:94.74,103.31 6 1
github.com/grafana/loki-operator/internal/manifests/service_monitor.go:109.2,109.11 1 1
github.com/grafana/loki-operator/internal/manifests/service_monitor.go:103.31,104.97 1 1
github.com/grafana/loki-operator/internal/manifests/service_monitor.go:104.97,106.4 1 0
github.com/grafana/loki-operator/internal/manifests/service_monitor.go:112.142,134.2 1 1
github.com/grafana/loki-operator/internal/manifests/service_monitor.go:136.84,180.86 5 1
github.com/grafana/loki-operator/internal/manifests/service_monitor.go:184.2,184.104 1 1
github.com/grafana/loki-operator/internal/manifests/service_monitor.go:188.2,188.104 1 1
github.com/grafana/loki-operator/internal/manifests/service_monitor.go:192.2,192.12 1 1
github.com/grafana/loki-operator/internal/manifests/service_monitor.go:180.86,182.3 1 0
github.com/grafana/loki-operator/internal/manifests/service_monitor.go:184.104,186.3 1 0
github.com/grafana/loki-operator/internal/manifests/service_monitor.go:188.104,190.3 1 0
github.com/grafana/loki-operator/internal/manifests/var.go:70.52,74.2 1 1
github.com/grafana/loki-operator/internal/manifests/var.go:76.55,82.2 1 1
github.com/grafana/loki-operator/internal/manifests/var.go:84.90,86.26 2 1
github.com/grafana/loki-operator/internal/manifests/var.go:89.2,89.20 1 1
github.com/grafana/loki-operator/internal/manifests/var.go:86.26,88.3 1 1
github.com/grafana/loki-operator/internal/manifests/var.go:93.62,97.2 1 1
github.com/grafana/loki-operator/internal/manifests/var.go:100.39,104.2 1 1
github.com/grafana/loki-operator/internal/manifests/var.go:107.45,109.2 1 1
github.com/grafana/loki-operator/internal/manifests/var.go:112.47,114.2 1 1
github.com/grafana/loki-operator/internal/manifests/var.go:117.44,119.2 1 1
github.com/grafana/loki-operator/internal/manifests/var.go:122.43,124.2 1 1
github.com/grafana/loki-operator/internal/manifests/var.go:127.49,129.2 1 1
github.com/grafana/loki-operator/internal/manifests/var.go:132.41,134.2 1 1
github.com/grafana/loki-operator/internal/manifests/var.go:137.48,139.2 1 1
github.com/grafana/loki-operator/internal/manifests/var.go:142.43,144.2 1 1
github.com/grafana/loki-operator/internal/manifests/var.go:146.54,148.2 1 1
github.com/grafana/loki-operator/internal/manifests/var.go:150.54,152.2 1 1
github.com/grafana/loki-operator/internal/manifests/var.go:154.55,156.2 1 1
github.com/grafana/loki-operator/internal/manifests/var.go:158.55,160.2 1 1
github.com/grafana/loki-operator/internal/manifests/var.go:162.58,164.2 1 1
github.com/grafana/loki-operator/internal/manifests/var.go:166.58,168.2 1 1
github.com/grafana/loki-operator/internal/manifests/var.go:170.56,172.2 1 1
github.com/grafana/loki-operator/internal/manifests/var.go:174.56,176.2 1 1
github.com/grafana/loki-operator/internal/manifests/var.go:178.60,180.2 1 1
github.com/grafana/loki-operator/internal/manifests/var.go:182.60,184.2 1 1
github.com/grafana/loki-operator/internal/manifests/var.go:186.59,188.2 1 1
github.com/grafana/loki-operator/internal/manifests/var.go:190.59,192.2 1 1
github.com/grafana/loki-operator/internal/manifests/var.go:194.52,196.2 1 1
github.com/grafana/loki-operator/internal/manifests/var.go:198.52,200.2 1 1
github.com/grafana/loki-operator/internal/manifests/var.go:202.54,204.2 1 1
github.com/grafana/loki-operator/internal/manifests/var.go:206.54,208.2 1 1
github.com/grafana/loki-operator/internal/manifests/var.go:210.58,212.2 1 1
github.com/grafana/loki-operator/internal/manifests/var.go:214.49,216.2 1 1
github.com/grafana/loki-operator/internal/manifests/var.go:219.84,227.2 1 1
github.com/grafana/loki-operator/internal/manifests/var.go:230.108,231.15 1 1
github.com/grafana/loki-operator/internal/manifests/var.go:242.2,246.3 1 1
github.com/grafana/loki-operator/internal/manifests/var.go:231.15,240.3 2 1
github.com/grafana/loki-operator/internal/manifests/build.go:13.54,17.19 3 1
github.com/grafana/loki-operator/internal/manifests/build.go:20.2,23.16 3 1
github.com/grafana/loki-operator/internal/manifests/build.go:27.2,28.16 2 1
github.com/grafana/loki-operator/internal/manifests/build.go:32.2,33.16 2 1
github.com/grafana/loki-operator/internal/manifests/build.go:37.2,38.16 2 1
github.com/grafana/loki-operator/internal/manifests/build.go:42.2,43.16 2 1
github.com/grafana/loki-operator/internal/manifests/build.go:47.2,48.16 2 1
github.com/grafana/loki-operator/internal/manifests/build.go:52.2,53.16 2 1
github.com/grafana/loki-operator/internal/manifests/build.go:57.2,67.30 10 1
github.com/grafana/loki-operator/internal/manifests/build.go:76.2,76.38 1 1
github.com/grafana/loki-operator/internal/manifests/build.go:80.2,80.17 1 1
github.com/grafana/loki-operator/internal/manifests/build.go:17.19,19.3 1 0
github.com/grafana/loki-operator/internal/manifests/build.go:23.16,25.3 1 0
github.com/grafana/loki-operator/internal/manifests/build.go:28.16,30.3 1 0
github.com/grafana/loki-operator/internal/manifests/build.go:33.16,35.3 1 0
github.com/grafana/loki-operator/internal/manifests/build.go:38.16,40.3 1 0
github.com/grafana/loki-operator/internal/manifests/build.go:43.16,45.3 1 0
github.com/grafana/loki-operator/internal/manifests/build.go:48.16,50.3 1 0
github.com/grafana/loki-operator/internal/manifests/build.go:53.16,55.3 1 0
github.com/grafana/loki-operator/internal/manifests/build.go:67.30,69.17 2 1
github.com/grafana/loki-operator/internal/manifests/build.go:73.3,73.39 1 1
github.com/grafana/loki-operator/internal/manifests/build.go:69.17,71.4 1 0
github.com/grafana/loki-operator/internal/manifests/build.go:76.38,78.3 1 1
github.com/grafana/loki-operator/internal/manifests/build.go:85.90,88.2 2 1
github.com/grafana/loki-operator/internal/manifests/build.go:92.48,95.74 2 1
github.com/grafana/loki-operator/internal/manifests/build.go:99.2,109.79 2 1
github.com/grafana/loki-operator/internal/manifests/build.go:113.2,116.12 3 1
github.com/grafana/loki-operator/internal/manifests/build.go:95.74,97.3 1 0
github.com/grafana/loki-operator/internal/manifests/build.go:109.79,111.3 1 0
github.com/grafana/loki-operator/internal/manifests/ingester.go:19.59,21.46 2 1
github.com/grafana/loki-operator/internal/manifests/ingester.go:27.2,31.8 1 1
github.com/grafana/loki-operator/internal/manifests/ingester.go:21.46,22.84 1 1
github.com/grafana/loki-operator/internal/manifests/ingester.go:22.84,24.4 1 0
github.com/grafana/loki-operator/internal/manifests/ingester.go:35.63,131.71 2 1
github.com/grafana/loki-operator/internal/manifests/ingester.go:136.2,203.3 3 1
github.com/grafana/loki-operator/internal/manifests/ingester.go:131.71,134.3 2 1
github.com/grafana/loki-operator/internal/manifests/ingester.go:207.59,232.2 2 1
github.com/grafana/loki-operator/internal/manifests/ingester.go:235.59,262.2 4 1
github.com/grafana/loki-operator/internal/manifests/ingester.go:264.98,267.2 2 1
github.com/grafana/loki-operator/internal/manifests/querier.go:18.58,20.46 2 1
github.com/grafana/loki-operator/internal/manifests/querier.go:26.2,30.8 1 1
github.com/grafana/loki-operator/internal/manifests/querier.go:20.46,21.82 1 1
github.com/grafana/loki-operator/internal/manifests/querier.go:21.82,23.4 1 0
github.com/grafana/loki-operator/internal/manifests/querier.go:34.60,120.70 2 1
github.com/grafana/loki-operator/internal/manifests/querier.go:125.2,154.3 3 1
github.com/grafana/loki-operator/internal/manifests/querier.go:120.70,123.3 2 1
github.com/grafana/loki-operator/internal/manifests/querier.go:158.58,183.2 2 1
github.com/grafana/loki-operator/internal/manifests/querier.go:186.58,213.2 4 1
github.com/grafana/loki-operator/internal/manifests/querier.go:215.95,218.2 2 1
github.com/grafana/loki-operator/internal/manifests/gateway_tenants.go:20.54,21.31 1 1
github.com/grafana/loki-operator/internal/manifests/gateway_tenants.go:25.2,25.33 1 1
github.com/grafana/loki-operator/internal/manifests/gateway_tenants.go:48.2,48.12 1 1
github.com/grafana/loki-operator/internal/manifests/gateway_tenants.go:21.31,23.3 1 0
github.com/grafana/loki-operator/internal/manifests/gateway_tenants.go:26.47,27.13 1 1
github.com/grafana/loki-operator/internal/manifests/gateway_tenants.go:29.36,42.92 2 1
github.com/grafana/loki-operator/internal/manifests/gateway_tenants.go:42.92,44.4 1 0
github.com/grafana/loki-operator/internal/manifests/gateway_tenants.go:51.108,52.14 1 1
github.com/grafana/loki-operator/internal/manifests/gateway_tenants.go:70.2,70.12 1 0
github.com/grafana/loki-operator/internal/manifests/gateway_tenants.go:53.47,54.13 1 1
github.com/grafana/loki-operator/internal/manifests/gateway_tenants.go:55.36,67.4 1 1
github.com/grafana/loki-operator/internal/manifests/gateway_tenants.go:73.86,74.14 1 1
github.com/grafana/loki-operator/internal/manifests/gateway_tenants.go:81.2,81.12 1 0
github.com/grafana/loki-operator/internal/manifests/gateway_tenants.go:75.47,76.13 1 1
github.com/grafana/loki-operator/internal/manifests/gateway_tenants.go:77.36,78.46 1 1
github.com/grafana/loki-operator/internal/manifests/gateway_tenants.go:84.86,85.33 1 1
github.com/grafana/loki-operator/internal/manifests/gateway_tenants.go:107.2,107.13 1 1
github.com/grafana/loki-operator/internal/manifests/gateway_tenants.go:86.47,86.47 0 1
github.com/grafana/loki-operator/internal/manifests/gateway_tenants.go:88.36,92.26 3 1
github.com/grafana/loki-operator/internal/manifests/gateway_tenants.go:104.3,104.41 1 1
github.com/grafana/loki-operator/internal/manifests/gateway_tenants.go:92.26,93.20 1 1
github.com/grafana/loki-operator/internal/manifests/gateway_tenants.go:101.4,101.28 1 1
github.com/grafana/loki-operator/internal/manifests/gateway_tenants.go:97.31,98.13 1 1
github.com/grafana/loki-operator/internal/manifests/gateway_tenants.go:110.123,111.14 1 1
github.com/grafana/loki-operator/internal/manifests/gateway_tenants.go:118.2,118.12 1 0
github.com/grafana/loki-operator/internal/manifests/gateway_tenants.go:112.47,113.13 1 1
github.com/grafana/loki-operator/internal/manifests/gateway_tenants.go:114.36,115.91 1 1
github.com/grafana/loki-operator/internal/manifests/mutate.go:28.77,29.22 1 1
github.com/grafana/loki-operator/internal/manifests/mutate.go:29.22,38.26 7 1
github.com/grafana/loki-operator/internal/manifests/mutate.go:93.3,93.13 1 1
github.com/grafana/loki-operator/internal/manifests/mutate.go:39.26,42.31 3 1
github.com/grafana/loki-operator/internal/manifests/mutate.go:44.24,47.31 3 1
github.com/grafana/loki-operator/internal/manifests/mutate.go:49.31,52.36 3 1
github.com/grafana/loki-operator/internal/manifests/mutate.go:54.28,57.33 3 1
github.com/grafana/loki-operator/internal/manifests/mutate.go:59.35,62.42 3 1
github.com/grafana/loki-operator/internal/manifests/mutate.go:64.27,67.34 3 1
github.com/grafana/loki-operator/internal/manifests/mutate.go:69.28,72.35 3 1
github.com/grafana/loki-operator/internal/manifests/mutate.go:74.37,77.52 3 1
github.com/grafana/loki-operator/internal/manifests/mutate.go:79.30,82.31 3 1
github.com/grafana/loki-operator/internal/manifests/mutate.go:84.23,87.27 3 1
github.com/grafana/loki-operator/internal/manifests/mutate.go:89.11,91.85 2 1
github.com/grafana/loki-operator/internal/manifests/mutate.go:97.46,99.16 2 1
github.com/grafana/loki-operator/internal/manifests/mutate.go:99.16,101.3 1 0
github.com/grafana/loki-operator/internal/manifests/mutate.go:104.59,106.2 1 1
github.com/grafana/loki-operator/internal/manifests/mutate.go:108.55,111.2 2 1
github.com/grafana/loki-operator/internal/manifests/mutate.go:113.69,116.2 2 1
github.com/grafana/loki-operator/internal/manifests/mutate.go:118.63,122.2 3 1
github.com/grafana/loki-operator/internal/manifests/mutate.go:124.77,129.2 4 1
github.com/grafana/loki-operator/internal/manifests/mutate.go:131.61,134.41 1 1
github.com/grafana/loki-operator/internal/manifests/mutate.go:137.2,139.67 3 1
github.com/grafana/loki-operator/internal/manifests/mutate.go:134.41,136.3 1 1
github.com/grafana/loki-operator/internal/manifests/mutate.go:142.63,145.41 1 1
github.com/grafana/loki-operator/internal/manifests/mutate.go:148.2,151.52 4 1
github.com/grafana/loki-operator/internal/manifests/mutate.go:145.41,147.3 1 1
github.com/grafana/loki-operator/internal/manifests/mutate.go:151.52,155.3 3 1
github.com/grafana/loki-operator/internal/manifests/mutate.go:158.76,161.2 0 1
github.com/grafana/loki-operator/internal/manifests/mutate.go:163.61,169.2 5 1
github.com/grafana/loki-operator/internal/manifests/mutate.go:171.52,175.2 3 1
github.com/grafana/loki-operator/internal/manifests/compactor.go:20.60,22.46 2 1
github.com/grafana/loki-operator/internal/manifests/compactor.go:28.2,32.8 1 1
github.com/grafana/loki-operator/internal/manifests/compactor.go:22.46,23.85 1 1
github.com/grafana/loki-operator/internal/manifests/compactor.go:23.85,25.4 1 0
github.com/grafana/loki-operator/internal/manifests/compactor.go:36.64,122.72 2 1
github.com/grafana/loki-operator/internal/manifests/compactor.go:127.2,175.3 3 1
github.com/grafana/loki-operator/internal/manifests/compactor.go:122.72,125.3 2 1
github.com/grafana/loki-operator/internal/manifests/compactor.go:179.60,204.2 2 1
github.com/grafana/loki-operator/internal/manifests/compactor.go:207.60,234.2 4 1
github.com/grafana/loki-operator/internal/manifests/compactor.go:236.99,239.2 2 1
github.com/grafana/loki-operator/internal/manifests/distributor.go:27.62,29.46 2 1
github.com/grafana/loki-operator/internal/manifests/distributor.go:35.2,39.8 1 1
github.com/grafana/loki-operator/internal/manifests/distributor.go:29.46,30.86 1 1
github.com/grafana/loki-operator/internal/manifests/distributor.go:30.86,32.4 1 0
github.com/grafana/loki-operator/internal/manifests/distributor.go:43.64,140.74 2 1
github.com/grafana/loki-operator/internal/manifests/distributor.go:145.2,174.3 3 1
github.com/grafana/loki-operator/internal/manifests/distributor.go:140.74,143.3 2 1
github.com/grafana/loki-operator/internal/manifests/distributor.go:178.62,203.2 2 1
github.com/grafana/loki-operator/internal/manifests/distributor.go:206.62,233.2 4 1
github.com/grafana/loki-operator/internal/manifests/distributor.go:235.99,238.2 2 1
github.com/grafana/loki-operator/internal/manifests/gateway.go:27.58,29.16 2 1
github.com/grafana/loki-operator/internal/manifests/gateway.go:33.2,37.16 4 1
github.com/grafana/loki-operator/internal/manifests/gateway.go:41.2,43.46 2 1
github.com/grafana/loki-operator/internal/manifests/gateway.go:50.2,50.31 1 1
github.com/grafana/loki-operator/internal/manifests/gateway.go:63.2,63.18 1 1
github.com/grafana/loki-operator/internal/manifests/gateway.go:29.16,31.3 1 0
github.com/grafana/loki-operator/internal/manifests/gateway.go:37.16,39.3 1 0
github.com/grafana/loki-operator/internal/manifests/gateway.go:43.46,45.90 2 1
github.com/grafana/loki-operator/internal/manifests/gateway.go:45.90,47.4 1 0
github.com/grafana/loki-operator/internal/manifests/gateway.go:50.31,52.75 2 1
github.com/grafana/loki-operator/internal/manifests/gateway.go:56.3,56.66 1 1
github.com/grafana/loki-operator/internal/manifests/gateway.go:60.3,60.49 1 1
github.com/grafana/loki-operator/internal/manifests/gateway.go:52.75,54.4 1 0
github.com/grafana/loki-operator/internal/manifests/gateway.go:56.66,58.4 1 0
github.com/grafana/loki-operator/internal/manifests/gateway.go:67.74,209.2 4 1
github.com/grafana/loki-operator/internal/manifests/gateway.go:212.58,241.2 4 1
github.com/grafana/loki-operator/internal/manifests/gateway.go:245.69,287.2 4 1
github.com/grafana/loki-operator/internal/manifests/gateway.go:290.71,293.16 3 1
github.com/grafana/loki-operator/internal/manifests/gateway.go:297.2,299.16 3 1
github.com/grafana/loki-operator/internal/manifests/gateway.go:302.2,318.15 2 1
github.com/grafana/loki-operator/internal/manifests/gateway.go:293.16,295.3 1 0
github.com/grafana/loki-operator/internal/manifests/gateway.go:299.16,301.3 1 0
github.com/grafana/loki-operator/internal/manifests/gateway.go:322.56,324.43 2 1
github.com/grafana/loki-operator/internal/manifests/gateway.go:334.2,335.54 2 1
github.com/grafana/loki-operator/internal/manifests/gateway.go:342.2,349.3 1 1
github.com/grafana/loki-operator/internal/manifests/gateway.go:324.43,332.3 2 1
github.com/grafana/loki-operator/internal/manifests/gateway.go:335.54,340.3 1 0
github.com/grafana/loki-operator/internal/manifests/gateway.go:352.84,354.39 2 1
github.com/grafana/loki-operator/internal/manifests/gateway.go:361.2,407.86 7 1
github.com/grafana/loki-operator/internal/manifests/gateway.go:411.2,411.110 1 1
github.com/grafana/loki-operator/internal/manifests/gateway.go:415.2,415.110 1 1
github.com/grafana/loki-operator/internal/manifests/gateway.go:419.2,419.12 1 1
github.com/grafana/loki-operator/internal/manifests/gateway.go:354.39,355.37 1 1
github.com/grafana/loki-operator/internal/manifests/gateway.go:355.37,357.9 2 1
github.com/grafana/loki-operator/internal/manifests/gateway.go:407.86,409.3 1 0
github.com/grafana/loki-operator/internal/manifests/gateway.go:411.110,413.3 1 0
github.com/grafana/loki-operator/internal/manifests/gateway.go:415.110,417.3 1 0
github.com/grafana/loki-operator/internal/manifests/config.go:13.68,16.16 3 1
github.com/grafana/loki-operator/internal/manifests/config.go:20.2,22.16 3 1
github.com/grafana/loki-operator/internal/manifests/config.go:25.2,40.15 2 1
github.com/grafana/loki-operator/internal/manifests/config.go:16.16,18.3 1 0
github.com/grafana/loki-operator/internal/manifests/config.go:22.16,24.3 1 0
github.com/grafana/loki-operator/internal/manifests/config.go:44.48,82.2 1 1
github.com/grafana/loki-operator/internal/manifests/config.go:84.49,86.2 1 1
github.com/grafana/loki-operator/internal/manifests/indexgateway.go:19.63,21.46 2 1
github.com/grafana/loki-operator/internal/manifests/indexgateway.go:27.2,31.8 1 1
github.com/grafana/loki-operator/internal/manifests/indexgateway.go:21.46,22.88 1 1
github.com/grafana/loki-operator/internal/manifests/indexgateway.go:22.88,24.4 1 0
github.com/grafana/loki-operator/internal/manifests/indexgateway.go:35.67,121.75 2 1
github.com/grafana/loki-operator/internal/manifests/indexgateway.go:126.2,175.3 3 1
github.com/grafana/loki-operator/internal/manifests/indexgateway.go:121.75,124.3 2 1
github.com/grafana/loki-operator/internal/manifests/indexgateway.go:179.63,204.2 2 1
github.com/grafana/loki-operator/internal/manifests/indexgateway.go:207.63,234.2 4 1
github.com/grafana/loki-operator/internal/manifests/indexgateway.go:236.102,239.2 2 1
github.com/grafana/loki-operator/internal/manifests/memberlist.go:13.67,36.2 1 1
github.com/grafana/loki-operator/internal/handlers/internal/secrets/secrets.go:11.66,14.9 2 1
github.com/grafana/loki-operator/internal/handlers/internal/secrets/secrets.go:17.2,18.9 2 1
github.com/grafana/loki-operator/internal/handlers/internal/secrets/secrets.go:22.2,23.9 2 1
github.com/grafana/loki-operator/internal/handlers/internal/secrets/secrets.go:26.2,27.9 2 1
github.com/grafana/loki-operator/internal/handlers/internal/secrets/secrets.go:32.2,33.9 2 1
github.com/grafana/loki-operator/internal/handlers/internal/secrets/secrets.go:37.2,43.8 1 1
github.com/grafana/loki-operator/internal/handlers/internal/secrets/secrets.go:14.9,16.3 1 1
github.com/grafana/loki-operator/internal/handlers/internal/secrets/secrets.go:18.9,20.3 1 1
github.com/grafana/loki-operator/internal/handlers/internal/secrets/secrets.go:23.9,25.3 1 1
github.com/grafana/loki-operator/internal/handlers/internal/secrets/secrets.go:27.9,29.3 1 1
github.com/grafana/loki-operator/internal/handlers/internal/secrets/secrets.go:33.9,35.3 1 1
github.com/grafana/loki-operator/internal/handlers/internal/secrets/secrets.go:47.98,50.9 2 1
github.com/grafana/loki-operator/internal/handlers/internal/secrets/secrets.go:53.2,54.9 2 1
github.com/grafana/loki-operator/internal/handlers/internal/secrets/secrets.go:57.2,58.9 2 1
github.com/grafana/loki-operator/internal/handlers/internal/secrets/secrets.go:62.2,67.8 1 1
github.com/grafana/loki-operator/internal/handlers/internal/secrets/secrets.go:50.9,52.3 1 1
github.com/grafana/loki-operator/internal/handlers/internal/secrets/secrets.go:54.9,56.3 1 1
github.com/grafana/loki-operator/internal/handlers/internal/secrets/secrets.go:58.9,60.3 1 1
github.com/grafana/loki-operator/controllers/internal/management/state/state.go:17.83,21.63 3 1
github.com/grafana/loki-operator/controllers/internal/management/state/state.go:29.2,29.78 1 1
github.com/grafana/loki-operator/controllers/internal/management/state/state.go:21.63,22.32 1 1
github.com/grafana/loki-operator/controllers/internal/management/state/state.go:27.3,27.93 1 1
github.com/grafana/loki-operator/controllers/internal/management/state/state.go:22.32,26.4 2 1
github.com/grafana/loki-operator/internal/handlers/internal/gateway/tenant_secrets.go:30.39,36.59 2 1
github.com/grafana/loki-operator/internal/handlers/internal/gateway/tenant_secrets.go:70.2,70.27 1 1
github.com/grafana/loki-operator/internal/handlers/internal/gateway/tenant_secrets.go:36.59,38.57 2 1
github.com/grafana/loki-operator/internal/handlers/internal/gateway/tenant_secrets.go:54.3,56.17 3 1
github.com/grafana/loki-operator/internal/handlers/internal/gateway/tenant_secrets.go:67.3,67.44 1 1
github.com/grafana/loki-operator/internal/handlers/internal/gateway/tenant_secrets.go:38.57,39.33 1 0
github.com/grafana/loki-operator/internal/handlers/internal/gateway/tenant_secrets.go:50.4,51.17 1 0
github.com/grafana/loki-operator/internal/handlers/internal/gateway/tenant_secrets.go:39.33,44.25 2 0
github.com/grafana/loki-operator/internal/handlers/internal/gateway/tenant_secrets.go:48.5,48.62 1 0
github.com/grafana/loki-operator/internal/handlers/internal/gateway/tenant_secrets.go:44.25,46.6 1 0
github.com/grafana/loki-operator/internal/handlers/internal/gateway/tenant_secrets.go:56.17,61.24 2 0
github.com/grafana/loki-operator/internal/handlers/internal/gateway/tenant_secrets.go:65.4,65.67 1 0
github.com/grafana/loki-operator/internal/handlers/internal/gateway/tenant_secrets.go:61.24,63.5 1 0
github.com/grafana/loki-operator/internal/handlers/internal/gateway/base_domain.go:20.98,23.50 3 0
github.com/grafana/loki-operator/internal/handlers/internal/gateway/base_domain.go:40.2,40.37 1 0
github.com/grafana/loki-operator/internal/handlers/internal/gateway/base_domain.go:23.50,25.32 1 0
github.com/grafana/loki-operator/internal/handlers/internal/gateway/base_domain.go:36.3,37.16 1 0
github.com/grafana/loki-operator/internal/handlers/internal/gateway/base_domain.go:25.32,30.24 2 0
github.com/grafana/loki-operator/internal/handlers/internal/gateway/base_domain.go:34.4,34.90 1 0
github.com/grafana/loki-operator/internal/handlers/internal/gateway/base_domain.go:30.24,32.5 1 0
github.com/grafana/loki-operator/internal/handlers/internal/gateway/modes.go:9.55,10.51 1 1
github.com/grafana/loki-operator/internal/handlers/internal/gateway/modes.go:28.2,28.52 1 1
github.com/grafana/loki-operator/internal/handlers/internal/gateway/modes.go:46.2,46.61 1 1
github.com/grafana/loki-operator/internal/handlers/internal/gateway/modes.go:56.2,56.12 1 1
github.com/grafana/loki-operator/internal/handlers/internal/gateway/modes.go:10.51,11.47 1 1
github.com/grafana/loki-operator/internal/handlers/internal/gateway/modes.go:15.3,15.95 1 1
github.com/grafana/loki-operator/internal/handlers/internal/gateway/modes.go:19.3,19.102 1 1
github.com/grafana/loki-operator/internal/handlers/internal/gateway/modes.go:23.3,23.93 1 1
github.com/grafana/loki-operator/internal/handlers/internal/gateway/modes.go:11.47,13.4 1 1
github.com/grafana/loki-operator/internal/handlers/internal/gateway/modes.go:15.95,17.4 1 1
github.com/grafana/loki-operator/internal/handlers/internal/gateway/modes.go:19.102,21.4 1 1
github.com/grafana/loki-operator/internal/handlers/internal/gateway/modes.go:23.93,25.4 1 1
github.com/grafana/loki-operator/internal/handlers/internal/gateway/modes.go:28.52,29.47 1 1
github.com/grafana/loki-operator/internal/handlers/internal/gateway/modes.go:33.3,33.93 1 1
github.com/grafana/loki-operator/internal/handlers/internal/gateway/modes.go:37.3,37.95 1 1
github.com/grafana/loki-operator/internal/handlers/internal/gateway/modes.go:41.3,41.102 1 1
github.com/grafana/loki-operator/internal/handlers/internal/gateway/modes.go:29.47,31.4 1 1
github.com/grafana/loki-operator/internal/handlers/internal/gateway/modes.go:33.93,35.4 1 1
github.com/grafana/loki-operator/internal/handlers/internal/gateway/modes.go:37.95,39.4 1 1
github.com/grafana/loki-operator/internal/handlers/internal/gateway/modes.go:41.102,43.4 1 1
github.com/grafana/loki-operator/internal/handlers/internal/gateway/modes.go:46.61,47.47 1 1
github.com/grafana/loki-operator/internal/handlers/internal/gateway/modes.go:51.3,51.46 1 1
github.com/grafana/loki-operator/internal/handlers/internal/gateway/modes.go:47.47,49.4 1 1
github.com/grafana/loki-operator/internal/handlers/internal/gateway/modes.go:51.46,53.4 1 1
github.com/grafana/loki-operator/internal/handlers/internal/gateway/tenant_configmap.go:44.114,47.58 3 1
github.com/grafana/loki-operator/internal/handlers/internal/gateway/tenant_configmap.go:52.2,53.16 2 1
github.com/grafana/loki-operator/internal/handlers/internal/gateway/tenant_configmap.go:58.2,59.37 2 1
github.com/grafana/loki-operator/internal/handlers/internal/gateway/tenant_configmap.go:66.2,66.15 1 1
github.com/grafana/loki-operator/internal/handlers/internal/gateway/tenant_configmap.go:47.58,50.3 2 0
github.com/grafana/loki-operator/internal/handlers/internal/gateway/tenant_configmap.go:53.16,56.3 2 1
github.com/grafana/loki-operator/internal/handlers/internal/gateway/tenant_configmap.go:59.37,64.3 1 1
github.com/grafana/loki-operator/internal/handlers/internal/gateway/tenant_configmap.go:71.79,74.9 2 1
github.com/grafana/loki-operator/internal/handlers/internal/gateway/tenant_configmap.go:78.2,79.16 2 1
github.com/grafana/loki-operator/internal/handlers/internal/gateway/tenant_configmap.go:83.2,85.16 3 1
github.com/grafana/loki-operator/internal/handlers/internal/gateway/tenant_configmap.go:89.2,89.27 1 1
github.com/grafana/loki-operator/internal/handlers/internal/gateway/tenant_configmap.go:74.9,76.3 1 1
github.com/grafana/loki-operator/internal/handlers/internal/gateway/tenant_configmap.go:79.16,81.3 1 0
github.com/grafana/loki-operator/internal/handlers/internal/gateway/tenant_configmap.go:85.16,87.3 1 0
github.com/grafana/loki-operator/controllers/lokistack_controller.go:32.46,39.4 1 0
github.com/grafana/loki-operator/controllers/lokistack_controller.go:40.47,40.62 1 0
github.com/grafana/loki-operator/controllers/lokistack_controller.go:41.47,41.63 1 0
github.com/grafana/loki-operator/controllers/lokistack_controller.go:42.48,42.64 1 0
github.com/grafana/loki-operator/controllers/lokistack_controller.go:45.46,46.30 1 0
github.com/grafana/loki-operator/controllers/lokistack_controller.go:51.4,51.16 1 0
github.com/grafana/loki-operator/controllers/lokistack_controller.go:47.28,47.28 0 0
github.com/grafana/loki-operator/controllers/lokistack_controller.go:48.29,49.16 1 0
github.com/grafana/loki-operator/controllers/lokistack_controller.go:53.46,53.62 1 0
github.com/grafana/loki-operator/controllers/lokistack_controller.go:54.46,58.4 1 0
github.com/grafana/loki-operator/controllers/lokistack_controller.go:59.48,59.64 1 0
github.com/grafana/loki-operator/controllers/lokistack_controller.go:92.101,94.16 2 0
github.com/grafana/loki-operator/controllers/lokistack_controller.go:100.2,100.9 1 0
github.com/grafana/loki-operator/controllers/lokistack_controller.go:106.2,107.16 2 0
github.com/grafana/loki-operator/controllers/lokistack_controller.go:114.2,115.16 2 0
github.com/grafana/loki-operator/controllers/lokistack_controller.go:122.2,122.27 1 0
github.com/grafana/loki-operator/controllers/lokistack_controller.go:94.16,99.3 1 0
github.com/grafana/loki-operator/controllers/lokistack_controller.go:100.9,104.3 2 0
github.com/grafana/loki-operator/controllers/lokistack_controller.go:107.16,112.3 1 0
github.com/grafana/loki-operator/controllers/lokistack_controller.go:115.16,120.3 1 0
github.com/grafana/loki-operator/controllers/lokistack_controller.go:126.75,129.2 2 0
github.com/grafana/loki-operator/controllers/lokistack_controller.go:131.70,142.32 2 1
github.com/grafana/loki-operator/controllers/lokistack_controller.go:148.2,148.24 1 1
github.com/grafana/loki-operator/controllers/lokistack_controller.go:142.32,144.3 1 1
github.com/grafana/loki-operator/controllers/lokistack_controller.go:144.8,146.3 1 1
github.com/grafana/loki-operator/internal/handlers/lokistack_create_or_update.go:29.138,33.63 3 1
github.com/grafana/loki-operator/internal/handlers/lokistack_create_or_update.go:42.2,43.15 2 1
github.com/grafana/loki-operator/internal/handlers/lokistack_create_or_update.go:47.2,48.17 2 1
github.com/grafana/loki-operator/internal/handlers/lokistack_create_or_update.go:52.2,54.51 3 1
github.com/grafana/loki-operator/internal/handlers/lokistack_create_or_update.go:64.2,65.16 2 1
github.com/grafana/loki-operator/internal/handlers/lokistack_create_or_update.go:72.2,77.54 2 1
github.com/grafana/loki-operator/internal/handlers/lokistack_create_or_update.go:104.2,119.68 3 1
github.com/grafana/loki-operator/internal/handlers/lokistack_create_or_update.go:124.2,124.25 1 1
github.com/grafana/loki-operator/internal/handlers/lokistack_create_or_update.go:131.2,132.16 2 1
github.com/grafana/loki-operator/internal/handlers/lokistack_create_or_update.go:136.2,140.30 3 1
github.com/grafana/loki-operator/internal/handlers/lokistack_create_or_update.go:169.2,169.18 1 1
github.com/grafana/loki-operator/internal/handlers/lokistack_create_or_update.go:175.2,175.55 1 1
github.com/grafana/loki-operator/internal/handlers/lokistack_create_or_update.go:179.2,179.12 1 1
github.com/grafana/loki-operator/internal/handlers/lokistack_create_or_update.go:33.63,34.32 1 1
github.com/grafana/loki-operator/internal/handlers/lokistack_create_or_update.go:39.3,39.86 1 1
github.com/grafana/loki-operator/internal/handlers/lokistack_create_or_update.go:34.32,38.4 2 1
github.com/grafana/loki-operator/internal/handlers/lokistack_create_or_update.go:43.15,45.3 1 1
github.com/grafana/loki-operator/internal/handlers/lokistack_create_or_update.go:48.17,50.3 1 1
github.com/grafana/loki-operator/internal/handlers/lokistack_create_or_update.go:54.51,55.32 1 1
github.com/grafana/loki-operator/internal/handlers/lokistack_create_or_update.go:61.3,61.81 1 0
github.com/grafana/loki-operator/internal/handlers/lokistack_create_or_update.go:55.32,60.4 1 1
github.com/grafana/loki-operator/internal/handlers/lokistack_create_or_update.go:65.16,70.3 1 1
github.com/grafana/loki-operator/internal/handlers/lokistack_create_or_update.go:77.54,78.53 1 1
github.com/grafana/loki-operator/internal/handlers/lokistack_create_or_update.go:85.3,85.62 1 1
github.com/grafana/loki-operator/internal/handlers/lokistack_create_or_update.go:92.3,92.62 1 0
github.com/grafana/loki-operator/internal/handlers/lokistack_create_or_update.go:78.53,83.4 1 1
github.com/grafana/loki-operator/internal/handlers/lokistack_create_or_update.go:85.62,87.18 2 1
github.com/grafana/loki-operator/internal/handlers/lokistack_create_or_update.go:87.18,89.5 1 1
github.com/grafana/loki-operator/internal/handlers/lokistack_create_or_update.go:92.62,94.18 2 0
github.com/grafana/loki-operator/internal/handlers/lokistack_create_or_update.go:99.4,99.65 1 0
github.com/grafana/loki-operator/internal/handlers/lokistack_create_or_update.go:94.18,96.5 1 0
github.com/grafana/loki-operator/internal/handlers/lokistack_create_or_update.go:119.68,122.3 2 0
github.com/grafana/loki-operator/internal/handlers/lokistack_create_or_update.go:124.25,125.75 1 0
github.com/grafana/loki-operator/internal/handlers/lokistack_create_or_update.go:125.75,128.4 2 0
github.com/grafana/loki-operator/internal/handlers/lokistack_create_or_update.go:132.16,135.3 2 0
github.com/grafana/loki-operator/internal/handlers/lokistack_create_or_update.go:140.30,146.29 2 1
github.com/grafana/loki-operator/internal/handlers/lokistack_create_or_update.go:156.3,160.17 4 1
github.com/grafana/loki-operator/internal/handlers/lokistack_create_or_update.go:166.3,166.50 1 1
github.com/grafana/loki-operator/internal/handlers/lokistack_create_or_update.go:146.29,149.70 2 1
github.com/grafana/loki-operator/internal/handlers/lokistack_create_or_update.go:149.70,152.13 3 1
github.com/grafana/loki-operator/internal/handlers/lokistack_create_or_update.go:160.17,163.12 3 1
github.com/grafana/loki-operator/internal/handlers/lokistack_create_or_update.go:169.18,171.3 1 1
github.com/grafana/loki-operator/internal/handlers/lokistack_create_or_update.go:175.55,177.3 1 0
github.com/grafana/loki-operator/internal/handlers/lokistack_create_or_update.go:182.48,183.20 1 1
github.com/grafana/loki-operator/internal/handlers/lokistack_create_or_update.go:184.55,185.15 1 0
github.com/grafana/loki-operator/internal/handlers/lokistack_create_or_update.go:186.10,187.14 1 1
github.com/grafana/loki-operator/internal/status/components.go:18.85,20.59 2 1
github.com/grafana/loki-operator/internal/status/components.go:27.2,30.16 4 1
github.com/grafana/loki-operator/internal/status/components.go:34.2,35.16 2 1
github.com/grafana/loki-operator/internal/status/components.go:39.2,40.16 2 1
github.com/grafana/loki-operator/internal/status/components.go:44.2,45.16 2 1
github.com/grafana/loki-operator/internal/status/components.go:49.2,50.16 2 1
github.com/grafana/loki-operator/internal/status/components.go:54.2,55.16 2 1
github.com/grafana/loki-operator/internal/status/components.go:59.2,60.16 2 1
github.com/grafana/loki-operator/internal/status/components.go:63.2,63.60 1 1
github.com/grafana/loki-operator/internal/status/components.go:20.59,21.32 1 1
github.com/grafana/loki-operator/internal/status/components.go:24.3,24.86 1 1
github.com/grafana/loki-operator/internal/status/components.go:21.32,23.4 1 1
github.com/grafana/loki-operator/internal/status/components.go:30.16,32.3 1 1
github.com/grafana/loki-operator/internal/status/components.go:35.16,37.3 1 0
github.com/grafana/loki-operator/internal/status/components.go:40.16,42.3 1 0
github.com/grafana/loki-operator/internal/status/components.go:45.16,47.3 1 0
github.com/grafana/loki-operator/internal/status/components.go:50.16,52.3 1 0
github.com/grafana/loki-operator/internal/status/components.go:55.16,57.3 1 0
github.com/grafana/loki-operator/internal/status/components.go:60.16,62.3 1 0
github.com/grafana/loki-operator/internal/status/components.go:66.120,73.51 4 1
github.com/grafana/loki-operator/internal/status/components.go:76.2,76.33 1 1
github.com/grafana/loki-operator/internal/status/components.go:80.2,80.17 1 1
github.com/grafana/loki-operator/internal/status/components.go:73.51,75.3 1 1
github.com/grafana/loki-operator/internal/status/components.go:76.33,79.3 2 1
github.com/grafana/loki-operator/internal/status/lokistack.go:18.83,20.59 2 1
github.com/grafana/loki-operator/internal/status/lokistack.go:27.2,27.43 1 1
github.com/grafana/loki-operator/internal/status/lokistack.go:33.2,42.37 3 1
github.com/grafana/loki-operator/internal/status/lokistack.go:53.2,53.17 1 1
github.com/grafana/loki-operator/internal/status/lokistack.go:59.2,59.60 1 1
github.com/grafana/loki-operator/internal/status/lokistack.go:20.59,21.32 1 1
github.com/grafana/loki-operator/internal/status/lokistack.go:24.3,24.86 1 1
github.com/grafana/loki-operator/internal/status/lokistack.go:21.32,23.4 1 1
github.com/grafana/loki-operator/internal/status/lokistack.go:27.43,28.93 1 1
github.com/grafana/loki-operator/internal/status/lokistack.go:28.93,30.4 1 1
github.com/grafana/loki-operator/internal/status/lokistack.go:42.37,48.72 3 1
github.com/grafana/loki-operator/internal/status/lokistack.go:48.72,50.4 1 1
github.com/grafana/loki-operator/internal/status/lokistack.go:53.17,55.3 1 1
github.com/grafana/loki-operator/internal/status/lokistack.go:55.8,57.3 1 1
github.com/grafana/loki-operator/internal/status/lokistack.go:64.84,66.59 2 1
github.com/grafana/loki-operator/internal/status/lokistack.go:73.2,73.43 1 1
github.com/grafana/loki-operator/internal/status/lokistack.go:79.2,88.37 3 1
github.com/grafana/loki-operator/internal/status/lokistack.go:99.2,99.17 1 1
github.com/grafana/loki-operator/internal/status/lokistack.go:105.2,105.60 1 1
github.com/grafana/loki-operator/internal/status/lokistack.go:66.59,67.32 1 1
github.com/grafana/loki-operator/internal/status/lokistack.go:70.3,70.86 1 1
github.com/grafana/loki-operator/internal/status/lokistack.go:67.32,69.4 1 1
github.com/grafana/loki-operator/internal/status/lokistack.go:73.43,74.94 1 1
github.com/grafana/loki-operator/internal/status/lokistack.go:74.94,76.4 1 1
github.com/grafana/loki-operator/internal/status/lokistack.go:88.37,94.73 3 1
github.com/grafana/loki-operator/internal/status/lokistack.go:94.73,96.4 1 1
github.com/grafana/loki-operator/internal/status/lokistack.go:99.17,101.3 1 1
github.com/grafana/loki-operator/internal/status/lokistack.go:101.8,103.3 1 1
github.com/grafana/loki-operator/internal/status/lokistack.go:110.85,112.59 2 1
github.com/grafana/loki-operator/internal/status/lokistack.go:119.2,119.43 1 1
github.com/grafana/loki-operator/internal/status/lokistack.go:125.2,134.37 3 1
github.com/grafana/loki-operator/internal/status/lokistack.go:145.2,145.17 1 1
github.com/grafana/loki-operator/internal/status/lokistack.go:151.2,151.60 1 1
github.com/grafana/loki-operator/internal/status/lokistack.go:112.59,113.32 1 1
github.com/grafana/loki-operator/internal/status/lokistack.go:116.3,116.86 1 1
github.com/grafana/loki-operator/internal/status/lokistack.go:113.32,115.4 1 1
github.com/grafana/loki-operator/internal/status/lokistack.go:119.43,120.95 1 1
github.com/grafana/loki-operator/internal/status/lokistack.go:120.95,122.4 1 1
github.com/grafana/loki-operator/internal/status/lokistack.go:134.37,140.74 3 1
github.com/grafana/loki-operator/internal/status/lokistack.go:140.74,142.4 1 1
github.com/grafana/loki-operator/internal/status/lokistack.go:145.17,147.3 1 1
github.com/grafana/loki-operator/internal/status/lokistack.go:147.8,149.3 1 1
github.com/grafana/loki-operator/internal/status/lokistack.go:155.143,157.59 2 1
github.com/grafana/loki-operator/internal/status/lokistack.go:164.2,165.43 2 1
github.com/grafana/loki-operator/internal/status/lokistack.go:171.2,180.37 3 1
github.com/grafana/loki-operator/internal/status/lokistack.go:191.2,191.17 1 1
github.com/grafana/loki-operator/internal/status/lokistack.go:197.2,197.60 1 1
github.com/grafana/loki-operator/internal/status/lokistack.go:157.59,158.32 1 1
github.com/grafana/loki-operator/internal/status/lokistack.go:161.3,161.86 1 1
github.com/grafana/loki-operator/internal/status/lokistack.go:158.32,160.4 1 1
github.com/grafana/loki-operator/internal/status/lokistack.go:165.43,166.124 1 1
github.com/grafana/loki-operator/internal/status/lokistack.go:166.124,168.4 1 1
github.com/grafana/loki-operator/internal/status/lokistack.go:180.37,186.75 3 1
github.com/grafana/loki-operator/internal/status/lokistack.go:186.75,188.4 1 1
github.com/grafana/loki-operator/internal/status/lokistack.go:191.17,193.3 1 1
github.com/grafana/loki-operator/internal/status/lokistack.go:193.8,195.3 1 1
github.com/grafana/loki-operator/internal/status/status.go:18.73,19.57 1 0
github.com/grafana/loki-operator/internal/status/status.go:23.2,24.59 2 0
github.com/grafana/loki-operator/internal/status/status.go:31.2,46.33 4 0
github.com/grafana/loki-operator/internal/status/status.go:51.2,57.18 2 0
github.com/grafana/loki-operator/internal/status/status.go:60.2,60.39 1 0
github.com/grafana/loki-operator/internal/status/status.go:19.57,21.3 1 0
github.com/grafana/loki-operator/internal/status/status.go:24.59,25.32 1 0
github.com/grafana/loki-operator/internal/status/status.go:28.3,28.86 1 0
github.com/grafana/loki-operator/internal/status/status.go:25.32,27.4 1 0
github.com/grafana/loki-operator/internal/status/status.go:46.33,48.3 1 0
github.com/grafana/loki-operator/internal/status/status.go:57.18,59.3 1 0
